<?xml version="1.0" encoding="UTF-8"?>
<!-- Generated by org.testng.reporters.JUnitReportReporter -->
<testsuite hostname="DESKTOP-PGDN5HE" failures="0" tests="6" name="com.amazon.retail.myproj.restassured.LoginAPI" time="1.956" errors="0" timestamp="05 Jul 2022 16:41:01 GMT" skipped="0">
  <testcase classname="com.amazon.retail.myproj.restassured.LoginAPI" name="LoginWithInvalidUserName" time="0.038"/>
  <testcase classname="com.amazon.retail.myproj.restassured.LoginAPI" name="LoginWithNullPassword" time="0.026"/>
  <testcase classname="com.amazon.retail.myproj.restassured.LoginAPI" name="LoginwithValidCredentials" time="0.048"/>
  <testcase classname="com.amazon.retail.myproj.restassured.LoginAPI" name="LoginWithEmptyUserName" time="0.121"/>
  <testcase classname="com.amazon.retail.myproj.restassured.LoginAPI" name="LoginWithNullUserName" time="0.026"/>
  <testcase classname="com.amazon.retail.myproj.restassured.LoginAPI" name="LoginWithEmptyPassword" time="1.697"/>
</testsuite> <!-- com.amazon.retail.myproj.restassured.LoginAPI -->
